# JRE version: Java(TM) SE Runtime Environment (8.0_73-b02) (build 1.8.0_73-b02)
# Java VM: Java HotSpot(TM) 64-Bit Server VM (25.73-b02 mixed mode windows-amd64 compressed oops)
Heap:
 PSYoungGen      total 140288K, used 76557K [0x00000000d5e00000, 0x00000000e5b80000, 0x0000000100000000)
  eden space 130560K, 58% used [0x00000000d5e00000,0x00000000da8c3410,0x00000000ddd80000)
  from space 9728K, 0% used [0x00000000ddd80000,0x00000000ddd80000,0x00000000de700000)
  to   space 11776K, 0% used [0x00000000e5000000,0x00000000e5000000,0x00000000e5b80000)
 ParOldGen       total 61952K, used 17074K [0x0000000081a00000, 0x0000000085680000, 0x00000000d5e00000)
  object space 61952K, 27% used [0x0000000081a00000,0x0000000082aac918,0x0000000085680000)
 Metaspace       used 41217K, capacity 43386K, committed 43776K, reserved 1087488K
  class space    used 5396K, capacity 5800K, committed 5888K, reserved 1048576K
GC Heap History (10 events):
Event: 6.196 GC heap before
{Heap before GC invocations=5 (full 0):
 PSYoungGen      total 71680K, used 9859K [0x00000000d5e00000, 0x00000000da900000, 0x0000000100000000)
  eden space 66560K, 7% used [0x00000000d5e00000,0x00000000d62a39a0,0x00000000d9f00000)
  from space 5120K, 99% used [0x00000000da400000,0x00000000da8fd488,0x00000000da900000)
  to   space 5120K, 0% used [0x00000000d9f00000,0x00000000d9f00000,0x00000000da400000)
 ParOldGen       total 87552K, used 7697K [0x0000000081a00000, 0x0000000086f80000, 0x00000000d5e00000)
  object space 87552K, 8% used [0x0000000081a00000,0x0000000082184518,0x0000000086f80000)
 Metaspace       used 20327K, capacity 21202K, committed 21296K, reserved 1067008K
  class space    used 2668K, capacity 2869K, committed 2944K, reserved 1048576K
Event: 6.202 GC heap after
Heap after GC invocations=5 (full 0):
 PSYoungGen      total 71680K, used 5101K [0x00000000d5e00000, 0x00000000df300000, 0x0000000100000000)
  eden space 66560K, 0% used [0x00000000d5e00000,0x00000000d5e00000,0x00000000d9f00000)
  from space 5120K, 99% used [0x00000000d9f00000,0x00000000da3fb488,0x00000000da400000)
  to   space 9728K, 0% used [0x00000000de980000,0x00000000de980000,0x00000000df300000)
 ParOldGen       total 87552K, used 8135K [0x0000000081a00000, 0x0000000086f80000, 0x00000000d5e00000)
  object space 87552K, 9% used [0x0000000081a00000,0x00000000821f1cf8,0x0000000086f80000)
 Metaspace       used 20327K, capacity 21202K, committed 21296K, reserved 1067008K
  class space    used 2668K, capacity 2869K, committed 2944K, reserved 1048576K
}
Event: 6.202 GC heap before
{Heap before GC invocations=6 (full 1):
 PSYoungGen      total 71680K, used 5101K [0x00000000d5e00000, 0x00000000df300000, 0x0000000100000000)
  eden space 66560K, 0% used [0x00000000d5e00000,0x00000000d5e00000,0x00000000d9f00000)
  from space 5120K, 99% used [0x00000000d9f00000,0x00000000da3fb488,0x00000000da400000)
  to   space 9728K, 0% used [0x00000000de980000,0x00000000de980000,0x00000000df300000)
 ParOldGen       total 87552K, used 8135K [0x0000000081a00000, 0x0000000086f80000, 0x00000000d5e00000)
  object space 87552K, 9% used [0x0000000081a00000,0x00000000821f1cf8,0x0000000086f80000)
 Metaspace       used 20327K, capacity 21202K, committed 21296K, reserved 1067008K
  class space    used 2668K, capacity 2869K, committed 2944K, reserved 1048576K
Event: 6.232 GC heap after
Heap after GC invocations=6 (full 1):
 PSYoungGen      total 71680K, used 0K [0x00000000d5e00000, 0x00000000df300000, 0x0000000100000000)
  eden space 66560K, 0% used [0x00000000d5e00000,0x00000000d5e00000,0x00000000d9f00000)
  from space 5120K, 0% used [0x00000000d9f00000,0x00000000d9f00000,0x00000000da400000)
  to   space 9728K, 0% used [0x00000000de980000,0x00000000de980000,0x00000000df300000)
 ParOldGen       total 47104K, used 6395K [0x0000000081a00000, 0x0000000084800000, 0x00000000d5e00000)
  object space 47104K, 13% used [0x0000000081a00000,0x000000008203ec18,0x0000000084800000)
 Metaspace       used 20327K, capacity 21202K, committed 21296K, reserved 1067008K
  class space    used 2668K, capacity 2869K, committed 2944K, reserved 1048576K
}
Event: 6.703 GC heap before
{Heap before GC invocations=7 (full 1):
 PSYoungGen      total 71680K, used 66560K [0x00000000d5e00000, 0x00000000df300000, 0x0000000100000000)
  eden space 66560K, 100% used [0x00000000d5e00000,0x00000000d9f00000,0x00000000d9f00000)
  from space 5120K, 0% used [0x00000000d9f00000,0x00000000d9f00000,0x00000000da400000)
  to   space 9728K, 0% used [0x00000000de980000,0x00000000de980000,0x00000000df300000)
 ParOldGen       total 47104K, used 6395K [0x0000000081a00000, 0x0000000084800000, 0x00000000d5e00000)
  object space 47104K, 13% used [0x0000000081a00000,0x000000008203ec18,0x0000000084800000)
 Metaspace       used 25194K, capacity 26716K, committed 27008K, reserved 1073152K
  class space    used 3352K, capacity 3652K, committed 3712K, reserved 1048576K
Event: 6.710 GC heap after
Heap after GC invocations=7 (full 1):
 PSYoungGen      total 133632K, used 7167K [0x00000000d5e00000, 0x00000000df080000, 0x0000000100000000)
  eden space 126464K, 0% used [0x00000000d5e00000,0x00000000d5e00000,0x00000000dd980000)
  from space 7168K, 99% used [0x00000000de980000,0x00000000df07fef0,0x00000000df080000)
  to   space 9728K, 0% used [0x00000000ddd80000,0x00000000ddd80000,0x00000000de700000)
 ParOldGen       total 47104K, used 6403K [0x0000000081a00000, 0x0000000084800000, 0x00000000d5e00000)
  object space 47104K, 13% used [0x0000000081a00000,0x0000000082040c18,0x0000000084800000)
 Metaspace       used 25194K, capacity 26716K, committed 27008K, reserved 1073152K
  class space    used 3352K, capacity 3652K, committed 3712K, reserved 1048576K
}
Event: 60.925 GC heap before
{Heap before GC invocations=8 (full 1):
 PSYoungGen      total 133632K, used 118712K [0x00000000d5e00000, 0x00000000df080000, 0x0000000100000000)
  eden space 126464K, 88% used [0x00000000d5e00000,0x00000000dcaee298,0x00000000dd980000)
  from space 7168K, 99% used [0x00000000de980000,0x00000000df07fef0,0x00000000df080000)
  to   space 9728K, 0% used [0x00000000ddd80000,0x00000000ddd80000,0x00000000de700000)
 ParOldGen       total 47104K, used 6403K [0x0000000081a00000, 0x0000000084800000, 0x00000000d5e00000)
  object space 47104K, 13% used [0x0000000081a00000,0x0000000082040c18,0x0000000084800000)
 Metaspace       used 33283K, capacity 35350K, committed 35496K, reserved 1079296K
  class space    used 4475K, capacity 4848K, committed 4864K, reserved 1048576K
Event: 60.940 GC heap after
Heap after GC invocations=8 (full 1):
 PSYoungGen      total 140288K, used 9717K [0x00000000d5e00000, 0x00000000e5b80000, 0x0000000100000000)
  eden space 130560K, 0% used [0x00000000d5e00000,0x00000000d5e00000,0x00000000ddd80000)
  from space 9728K, 99% used [0x00000000ddd80000,0x00000000de6fd400,0x00000000de700000)
  to   space 11776K, 0% used [0x00000000e5000000,0x00000000e5000000,0x00000000e5b80000)
 ParOldGen       total 47104K, used 8930K [0x0000000081a00000, 0x0000000084800000, 0x00000000d5e00000)
  object space 47104K, 18% used [0x0000000081a00000,0x00000000822b8920,0x0000000084800000)
 Metaspace       used 33283K, capacity 35350K, committed 35496K, reserved 1079296K
  class space    used 4475K, capacity 4848K, committed 4864K, reserved 1048576K
}
Event: 60.940 GC heap before
{Heap before GC invocations=9 (full 2):
 PSYoungGen      total 140288K, used 9717K [0x00000000d5e00000, 0x00000000e5b80000, 0x0000000100000000)
  eden space 130560K, 0% used [0x00000000d5e00000,0x00000000d5e00000,0x00000000ddd80000)
  from space 9728K, 99% used [0x00000000ddd80000,0x00000000de6fd400,0x00000000de700000)
  to   space 11776K, 0% used [0x00000000e5000000,0x00000000e5000000,0x00000000e5b80000)
 ParOldGen       total 47104K, used 8930K [0x0000000081a00000, 0x0000000084800000, 0x00000000d5e00000)
  object space 47104K, 18% used [0x0000000081a00000,0x00000000822b8920,0x0000000084800000)
 Metaspace       used 33283K, capacity 35350K, committed 35496K, reserved 1079296K
  class space    used 4475K, capacity 4848K, committed 4864K, reserved 1048576K
Event: 61.006 GC heap after
Heap after GC invocations=9 (full 2):
 PSYoungGen      total 140288K, used 0K [0x00000000d5e00000, 0x00000000e5b80000, 0x0000000100000000)
  eden space 130560K, 0% used [0x00000000d5e00000,0x00000000d5e00000,0x00000000ddd80000)
  from space 9728K, 0% used [0x00000000ddd80000,0x00000000ddd80000,0x00000000de700000)
  to   space 11776K, 0% used [0x00000000e5000000,0x00000000e5000000,0x00000000e5b80000)
 ParOldGen       total 61952K, used 17074K [0x0000000081a00000, 0x0000000085680000, 0x00000000d5e00000)
  object space 61952K, 27% used [0x0000000081a00000,0x0000000082aac918,0x0000000085680000)
 Metaspace       used 33283K, capacity 35350K, committed 35496K, reserved 1079296K
  class space    used 4475K, capacity 4848K, committed 4864K, reserved 1048576K
}

