# JRE version: Java(TM) SE Runtime Environment (8.0_73-b02) (build 1.8.0_73-b02)
# Java VM: Java HotSpot(TM) 64-Bit Server VM (25.73-b02 mixed mode windows-amd64 compressed oops)
Heap:
 PSYoungGen      total 140800K, used 84861K [0x00000000d5e00000, 0x00000000e5c00000, 0x0000000100000000)
  eden space 131072K, 64% used [0x00000000d5e00000,0x00000000db0df620,0x00000000dde00000)
  from space 9728K, 0% used [0x00000000dde00000,0x00000000dde00000,0x00000000de780000)
  to   space 11776K, 0% used [0x00000000e5080000,0x00000000e5080000,0x00000000e5c00000)
 ParOldGen       total 61952K, used 17096K [0x0000000081a00000, 0x0000000085680000, 0x00000000d5e00000)
  object space 61952K, 27% used [0x0000000081a00000,0x0000000082ab2070,0x0000000085680000)
 Metaspace       used 41169K, capacity 43310K, committed 43520K, reserved 1087488K
  class space    used 5381K, capacity 5772K, committed 5888K, reserved 1048576K
GC Heap History (10 events):
Event: 6.273 GC heap before
{Heap before GC invocations=5 (full 0):
 PSYoungGen      total 71680K, used 10944K [0x00000000d5e00000, 0x00000000da900000, 0x0000000100000000)
  eden space 66560K, 8% used [0x00000000d5e00000,0x00000000d63b0c98,0x00000000d9f00000)
  from space 5120K, 99% used [0x00000000da400000,0x00000000da8ff478,0x00000000da900000)
  to   space 5120K, 0% used [0x00000000d9f00000,0x00000000d9f00000,0x00000000da400000)
 ParOldGen       total 87552K, used 7513K [0x0000000081a00000, 0x0000000086f80000, 0x00000000d5e00000)
  object space 87552K, 8% used [0x0000000081a00000,0x0000000082156730,0x0000000086f80000)
 Metaspace       used 20316K, capacity 21236K, committed 21296K, reserved 1067008K
  class space    used 2673K, capacity 2902K, committed 2944K, reserved 1048576K
Event: 6.279 GC heap after
Heap after GC invocations=5 (full 0):
 PSYoungGen      total 71680K, used 5112K [0x00000000d5e00000, 0x00000000df300000, 0x0000000100000000)
  eden space 66560K, 0% used [0x00000000d5e00000,0x00000000d5e00000,0x00000000d9f00000)
  from space 5120K, 99% used [0x00000000d9f00000,0x00000000da3fe030,0x00000000da400000)
  to   space 9728K, 0% used [0x00000000de980000,0x00000000de980000,0x00000000df300000)
 ParOldGen       total 87552K, used 8036K [0x0000000081a00000, 0x0000000086f80000, 0x00000000d5e00000)
  object space 87552K, 9% used [0x0000000081a00000,0x00000000821d92d0,0x0000000086f80000)
 Metaspace       used 20316K, capacity 21236K, committed 21296K, reserved 1067008K
  class space    used 2673K, capacity 2902K, committed 2944K, reserved 1048576K
}
Event: 6.279 GC heap before
{Heap before GC invocations=6 (full 1):
 PSYoungGen      total 71680K, used 5112K [0x00000000d5e00000, 0x00000000df300000, 0x0000000100000000)
  eden space 66560K, 0% used [0x00000000d5e00000,0x00000000d5e00000,0x00000000d9f00000)
  from space 5120K, 99% used [0x00000000d9f00000,0x00000000da3fe030,0x00000000da400000)
  to   space 9728K, 0% used [0x00000000de980000,0x00000000de980000,0x00000000df300000)
 ParOldGen       total 87552K, used 8036K [0x0000000081a00000, 0x0000000086f80000, 0x00000000d5e00000)
  object space 87552K, 9% used [0x0000000081a00000,0x00000000821d92d0,0x0000000086f80000)
 Metaspace       used 20316K, capacity 21236K, committed 21296K, reserved 1067008K
  class space    used 2673K, capacity 2902K, committed 2944K, reserved 1048576K
Event: 6.310 GC heap after
Heap after GC invocations=6 (full 1):
 PSYoungGen      total 71680K, used 0K [0x00000000d5e00000, 0x00000000df300000, 0x0000000100000000)
  eden space 66560K, 0% used [0x00000000d5e00000,0x00000000d5e00000,0x00000000d9f00000)
  from space 5120K, 0% used [0x00000000d9f00000,0x00000000d9f00000,0x00000000da400000)
  to   space 9728K, 0% used [0x00000000de980000,0x00000000de980000,0x00000000df300000)
 ParOldGen       total 47104K, used 6433K [0x0000000081a00000, 0x0000000084800000, 0x00000000d5e00000)
  object space 47104K, 13% used [0x0000000081a00000,0x0000000082048670,0x0000000084800000)
 Metaspace       used 20315K, capacity 21230K, committed 21296K, reserved 1067008K
  class space    used 2672K, capacity 2901K, committed 2944K, reserved 1048576K
}
Event: 6.780 GC heap before
{Heap before GC invocations=7 (full 1):
 PSYoungGen      total 71680K, used 66560K [0x00000000d5e00000, 0x00000000df300000, 0x0000000100000000)
  eden space 66560K, 100% used [0x00000000d5e00000,0x00000000d9f00000,0x00000000d9f00000)
  from space 5120K, 0% used [0x00000000d9f00000,0x00000000d9f00000,0x00000000da400000)
  to   space 9728K, 0% used [0x00000000de980000,0x00000000de980000,0x00000000df300000)
 ParOldGen       total 47104K, used 6433K [0x0000000081a00000, 0x0000000084800000, 0x00000000d5e00000)
  object space 47104K, 13% used [0x0000000081a00000,0x0000000082048670,0x0000000084800000)
 Metaspace       used 25186K, capacity 26644K, committed 26752K, reserved 1073152K
  class space    used 3355K, capacity 3652K, committed 3712K, reserved 1048576K
Event: 6.787 GC heap after
Heap after GC invocations=7 (full 1):
 PSYoungGen      total 134144K, used 7168K [0x00000000d5e00000, 0x00000000df100000, 0x0000000100000000)
  eden space 126464K, 0% used [0x00000000d5e00000,0x00000000d5e00000,0x00000000dd980000)
  from space 7680K, 93% used [0x00000000de980000,0x00000000df0801a8,0x00000000df100000)
  to   space 9728K, 0% used [0x00000000dde00000,0x00000000dde00000,0x00000000de780000)
 ParOldGen       total 47104K, used 6441K [0x0000000081a00000, 0x0000000084800000, 0x00000000d5e00000)
  object space 47104K, 13% used [0x0000000081a00000,0x000000008204a670,0x0000000084800000)
 Metaspace       used 25186K, capacity 26644K, committed 26752K, reserved 1073152K
  class space    used 3355K, capacity 3652K, committed 3712K, reserved 1048576K
}
Event: 38.331 GC heap before
{Heap before GC invocations=8 (full 1):
 PSYoungGen      total 134144K, used 112174K [0x00000000d5e00000, 0x00000000df100000, 0x0000000100000000)
  eden space 126464K, 83% used [0x00000000d5e00000,0x00000000dc48b720,0x00000000dd980000)
  from space 7680K, 93% used [0x00000000de980000,0x00000000df0801a8,0x00000000df100000)
  to   space 9728K, 0% used [0x00000000dde00000,0x00000000dde00000,0x00000000de780000)
 ParOldGen       total 47104K, used 6441K [0x0000000081a00000, 0x0000000084800000, 0x00000000d5e00000)
  object space 47104K, 13% used [0x0000000081a00000,0x000000008204a670,0x0000000084800000)
 Metaspace       used 33219K, capacity 35322K, committed 35496K, reserved 1079296K
  class space    used 4474K, capacity 4844K, committed 4864K, reserved 1048576K
Event: 38.342 GC heap after
Heap after GC invocations=8 (full 1):
 PSYoungGen      total 140800K, used 9725K [0x00000000d5e00000, 0x00000000e5c00000, 0x0000000100000000)
  eden space 131072K, 0% used [0x00000000d5e00000,0x00000000d5e00000,0x00000000dde00000)
  from space 9728K, 99% used [0x00000000dde00000,0x00000000de77f468,0x00000000de780000)
  to   space 11776K, 0% used [0x00000000e5080000,0x00000000e5080000,0x00000000e5c00000)
 ParOldGen       total 47104K, used 8976K [0x0000000081a00000, 0x0000000084800000, 0x00000000d5e00000)
  object space 47104K, 19% used [0x0000000081a00000,0x00000000822c4368,0x0000000084800000)
 Metaspace       used 33219K, capacity 35322K, committed 35496K, reserved 1079296K
  class space    used 4474K, capacity 4844K, committed 4864K, reserved 1048576K
}
Event: 38.342 GC heap before
{Heap before GC invocations=9 (full 2):
 PSYoungGen      total 140800K, used 9725K [0x00000000d5e00000, 0x00000000e5c00000, 0x0000000100000000)
  eden space 131072K, 0% used [0x00000000d5e00000,0x00000000d5e00000,0x00000000dde00000)
  from space 9728K, 99% used [0x00000000dde00000,0x00000000de77f468,0x00000000de780000)
  to   space 11776K, 0% used [0x00000000e5080000,0x00000000e5080000,0x00000000e5c00000)
 ParOldGen       total 47104K, used 8976K [0x0000000081a00000, 0x0000000084800000, 0x00000000d5e00000)
  object space 47104K, 19% used [0x0000000081a00000,0x00000000822c4368,0x0000000084800000)
 Metaspace       used 33219K, capacity 35322K, committed 35496K, reserved 1079296K
  class space    used 4474K, capacity 4844K, committed 4864K, reserved 1048576K
Event: 38.401 GC heap after
Heap after GC invocations=9 (full 2):
 PSYoungGen      total 140800K, used 0K [0x00000000d5e00000, 0x00000000e5c00000, 0x0000000100000000)
  eden space 131072K, 0% used [0x00000000d5e00000,0x00000000d5e00000,0x00000000dde00000)
  from space 9728K, 0% used [0x00000000dde00000,0x00000000dde00000,0x00000000de780000)
  to   space 11776K, 0% used [0x00000000e5080000,0x00000000e5080000,0x00000000e5c00000)
 ParOldGen       total 61952K, used 17096K [0x0000000081a00000, 0x0000000085680000, 0x00000000d5e00000)
  object space 61952K, 27% used [0x0000000081a00000,0x0000000082ab2070,0x0000000085680000)
 Metaspace       used 33219K, capacity 35322K, committed 35496K, reserved 1079296K
  class space    used 4474K, capacity 4844K, committed 4864K, reserved 1048576K
}

